#
# A fatal error has been detected by the Java Runtime Environment:
#
#  SIGSEGV (0xb) at pc=0x00007f2abb1521ba, pid=16988, tid=0x00007f2a8c681700
#
# JRE version: Java(TM) SE Runtime Environment (8.0_111-b14) (build 1.8.0_111-b14)
# Java VM: Java HotSpot(TM) 64-Bit Server VM (25.111-b14 mixed mode linux-amd64 compressed oops)
# Problematic frame:
# V  [libjvm.so+0x6eb1ba]  jni_GetLongField+0xaa
#
# Failed to write core dump. Core dumps have been disabled. To enable core dumping, try "ulimit -c unlimited" before starting Java again
#
# If you would like to submit a bug report, please visit:
#   http://bugreport.java.com/bugreport/crash.jsp
#

---------------  T H R E A D  ---------------

Current thread (0x00007f2ab420b000):  JavaThread "AWT-XAWT" daemon [_thread_in_vm, id=17016, stack(0x00007f2a8c581000,0x00007f2a8c682000)]

siginfo: si_signo: 11 (SIGSEGV), si_code: 1 (SEGV_MAPERR), si_addr: 0x0000000000000000

Registers:
RAX=0x00007f2abba1b159, RBX=0x00007f2ab420b000, RCX=0x00007f2abc4522c0, RDX=0x00007f2abba261f0
RSP=0x00007f2a8c680580, RBP=0x00007f2a8c6805b0, RSI=0x0000000000000000, RDI=0x00007f2ab420b1f8
R8 =0x00000000d6fe7a70, R9 =0x00000000d72deb88, R10=0x00007f2aa52ebdc4, R11=0x00007f2aa52ebd98
R12=0x0000000000000042, R13=0x0000000000000000, R14=0x00007f2abba2af80, R15=0x00007f2abba26200
RIP=0x00007f2abb1521ba, EFLAGS=0x0000000000010246, CSGSFS=0x0000000000000033, ERR=0x0000000000000004
  TRAPNO=0x000000000000000e

Top of Stack: (sp=0x00007f2a8c680580)
0x00007f2a8c680580:   00007f2a8c6805b0 00007f2ab420b1f8
0x00007f2a8c680590:   00007f2a48010460 0000000000000000
0x00007f2a8c6805a0:   00007f2a8e4127e0 00007f2ab420b000
0x00007f2a8c6805b0:   00007f2a8c6805e0 00007f2a8e1f0ee1
0x00007f2a8c6805c0:   00007f2aa47ef4c0 00007f2a48010460
0x00007f2a8c6805d0:   00007f2a8c680690 00007f2a8c680660
0x00007f2a8c6805e0:   0000000000000000 00007f2a8dcd23c0
0x00007f2a8c6805f0:   00007f2aa47ef4c0 00007f2a8c680620
0x00007f2a8c680600:   0000000000000000 00007f2a8dcc9f93
0x00007f2a8c680610:   00007f2a8c680690 00007f2a8e1ea11f
0x00007f2a8c680620:   00007f2a8c680670 00007f2aa52ebe36
0x00007f2a8c680630:   00007f2a8c680698 00007f2aa5007b10
0x00007f2a8c680640:   00000000d7338780 00000000d7338780
0x00007f2a8c680650:   0000000000000000 00007f2a8c680658
0x00007f2a8c680660:   00000000d7298ca0 00007f2a00000000
0x00007f2a8c680670:   00007f2a8c6806f0 00007f2aa5007b10
0x00007f2a8c680680:   00007f2a8c6806f0 00007f2aa5007b10
0x00007f2a8c680690:   0000000000000000 00007f2aa5007e50
0x00007f2a8c6806a0:   00007f2a500012e0 00000000d7338780
0x00007f2a8c6806b0:   00007f2a8c6806b0 00007f2aa493af14
0x00007f2a8c6806c0:   00007f2a8c680738 00007f2aa4944208
0x00007f2a8c6806d0:   0000000000000000 00007f2aa493b050
0x00007f2a8c6806e0:   00007f2a8c680690 00007f2a8c680730
0x00007f2a8c6806f0:   00007f2a8c680780 00007f2aa500833d
0x00007f2a8c680700:   0000000000000000 00000000d741d900
0x00007f2a8c680710:   0000000000000000 0000000000000000
0x00007f2a8c680720:   0000000000000000 00000000d7338780
0x00007f2a8c680730:   0000000000000000 00000000d72dfab8
0x00007f2a8c680740:   00007f2a8c680740 00007f2aa493ad55
0x00007f2a8c680750:   00007f2a8c680790 00007f2aa4944208
0x00007f2a8c680760:   0000000000000000 00007f2aa493ad60
0x00007f2a8c680770:   00007f2a8c680730 00007f2a8c680790 

Instructions: (pc=0x00007f2abb1521ba)
0x00007f2abb15219a:   a9 00 00 00 30 74 08 48 89 df e8 47 5b 38 00 48
0x00007f2abb1521aa:   8b 05 80 7f 88 00 c7 83 70 02 00 00 06 00 00 00
0x00007f2abb1521ba:   49 8b 55 00 80 38 00 0f 84 c1 00 00 00 48 8b 05
0x00007f2abb1521ca:   9a 59 88 00 8b 72 08 8b 48 08 48 d3 e6 48 03 30 

Register to memory mapping:

RAX=0x00007f2abba1b159: <offset 0xfb4159> in /usr/local/java/jdk1.8.0_111/jre/lib/amd64/server/libjvm.so at 0x00007f2abaa67000
RBX=0x00007f2ab420b000 is a thread
RCX=0x00007f2abc4522c0: <offset 0x2182c0> in /lib/x86_64-linux-gnu/libpthread.so.0 at 0x00007f2abc23a000
RDX=0x00007f2abba261f0: <offset 0xfbf1f0> in /usr/local/java/jdk1.8.0_111/jre/lib/amd64/server/libjvm.so at 0x00007f2abaa67000
RSP=0x00007f2a8c680580 is pointing into the stack for thread: 0x00007f2ab420b000
RBP=0x00007f2a8c6805b0 is pointing into the stack for thread: 0x00007f2ab420b000
RSI=0x0000000000000000 is an unknown value
RDI=0x00007f2ab420b1f8 is an unknown value
R8 =0x00000000d6fe7a70 is an oop
[I 
 - klass: {type array int}
 - length: 9
R9 =0x00000000d72deb88 is an oop
sun.util.logging.PlatformLogger$DefaultLoggerProxy 
 - klass: 'sun/util/logging/PlatformLogger$DefaultLoggerProxy'
R10=0x00007f2aa52ebdc4 is at entry_point+68 in (nmethod*)0x00007f2aa52ebc10
R11=0x00007f2aa52ebd98 is at entry_point+24 in (nmethod*)0x00007f2aa52ebc10
R12=0x0000000000000042 is an unknown value
R13=0x0000000000000000 is an unknown value
R14=0x00007f2abba2af80: <offset 0xfc3f80> in /usr/local/java/jdk1.8.0_111/jre/lib/amd64/server/libjvm.so at 0x00007f2abaa67000
R15=0x00007f2abba26200: <offset 0xfbf200> in /usr/local/java/jdk1.8.0_111/jre/lib/amd64/server/libjvm.so at 0x00007f2abaa67000


Stack: [0x00007f2a8c581000,0x00007f2a8c682000],  sp=0x00007f2a8c680580,  free space=1021k
Native frames: (J=compiled Java code, j=interpreted, Vv=VM code, C=native code)
V  [libjvm.so+0x6eb1ba]  jni_GetLongField+0xaa
C  [libawt_xawt.so+0x36ee1]  getX11InputMethodData+0x31
C  [libX11.so.6+0x643c0]  _XimServerDestroy+0x70

Java frames: (J=compiled Java code, j=interpreted, Vv=VM code)
J 677  sun.awt.X11.XlibWrapper.XFilterEvent(JJ)Z (0 bytes) @ 0x00007f2aa52ebdc4 [0x00007f2aa52ebd80+0x44]
j  sun.awt.X11.XToolkit.run(Z)V+300
j  sun.awt.X11.XToolkit.run()V+5
j  java.lang.Thread.run()V+11
v  ~StubRoutines::call_stub

---------------  P R O C E S S  ---------------

Java Threads: ( => current thread )
  0x00007f2a78003000 JavaThread "SIGTERM handler" daemon [_thread_blocked, id=26780, stack(0x00007f2a4f055000,0x00007f2a4f156000)]
  0x00007f2a7c001000 JavaThread "XToolkt-Shutdown-Thread" [_thread_blocked, id=26776, stack(0x00007f2a4f156000,0x00007f2a4f257000)]
  0x00007f2a78002000 JavaThread "SIGHUP handler" daemon [_thread_blocked, id=26771, stack(0x00007f2a8ebea000,0x00007f2a8eceb000)]
  0x00007f2a78001000 JavaThread "SIGTERM handler" daemon [_thread_blocked, id=26768, stack(0x00007f2a8edec000,0x00007f2a8eeed000)]
  0x00007f2a48062800 JavaThread "TimerQueue" daemon [_thread_blocked, id=17021, stack(0x00007f2a8c073000,0x00007f2a8c174000)]
  0x00007f2ab400c000 JavaThread "DestroyJavaVM" [_thread_blocked, id=16993, stack(0x00007f2abc551000,0x00007f2abc652000)]
  0x00007f2ab425a800 JavaThread "AWT-EventQueue-0" [_thread_blocked, id=17018, stack(0x00007f2a8c37f000,0x00007f2a8c480000)]
  0x00007f2ab4254800 JavaThread "AWT-Shutdown" [_thread_blocked, id=17017, stack(0x00007f2a8c480000,0x00007f2a8c581000)]
=>0x00007f2ab420b000 JavaThread "AWT-XAWT" daemon [_thread_in_vm, id=17016, stack(0x00007f2a8c581000,0x00007f2a8c682000)]
  0x00007f2ab41e3000 JavaThread "Java2D Disposer" daemon [_thread_blocked, id=17015, stack(0x00007f2a8ca92000,0x00007f2a8cb93000)]
  0x00007f2ab40d2800 JavaThread "Service Thread" daemon [_thread_blocked, id=17013, stack(0x00007f2a8e7e6000,0x00007f2a8e8e7000)]
  0x00007f2ab40cf000 JavaThread "C1 CompilerThread2" daemon [_thread_blocked, id=17012, stack(0x00007f2a8e8e7000,0x00007f2a8e9e8000)]
  0x00007f2ab40cd800 JavaThread "C2 CompilerThread1" daemon [_thread_blocked, id=17011, stack(0x00007f2a8e9e8000,0x00007f2a8eae9000)]
  0x00007f2ab40ca800 JavaThread "C2 CompilerThread0" daemon [_thread_blocked, id=17010, stack(0x00007f2a8eae9000,0x00007f2a8ebea000)]
  0x00007f2ab40c8000 JavaThread "JDWP Event Helper Thread" daemon [_thread_blocked, id=17006, stack(0x00007f2a8eceb000,0x00007f2a8edec000)]
  0x00007f2ab40b8800 JavaThread "Signal Dispatcher" daemon [_thread_blocked, id=17002, stack(0x00007f2a8f0f1000,0x00007f2a8f1f2000)]
  0x00007f2ab4086000 JavaThread "Finalizer" daemon [_thread_blocked, id=17001, stack(0x00007f2a8f1f2000,0x00007f2a8f2f3000)]
  0x00007f2ab4081800 JavaThread "Reference Handler" daemon [_thread_blocked, id=17000, stack(0x00007f2a8f2f3000,0x00007f2a8f3f4000)]

Other Threads:
  0x00007f2ab407a000 VMThread [stack: 0x00007f2a8f3f4000,0x00007f2a8f4f5000] [id=16999]
  0x00007f2ab40d6000 WatcherThread [stack: 0x00007f2a8e6e5000,0x00007f2a8e7e6000] [id=17014]

VM state:synchronizing (normal execution)

VM Mutex/Monitor currently owned by a thread:  ([mutex/lock_event])
[0x00007f2ab4008440] Threads_lock - owner thread: 0x00007f2ab407a000

Heap:
 PSYoungGen      total 36864K, used 13333K [0x00000000d6f80000, 0x00000000d9880000, 0x0000000100000000)
  eden space 31744K, 42% used [0x00000000d6f80000,0x00000000d7c856f8,0x00000000d8e80000)
  from space 5120K, 0% used [0x00000000d9380000,0x00000000d9380000,0x00000000d9880000)
  to   space 5120K, 0% used [0x00000000d8e80000,0x00000000d8e80000,0x00000000d9380000)
 ParOldGen       total 84992K, used 0K [0x0000000084e00000, 0x000000008a100000, 0x00000000d6f80000)
  object space 84992K, 0% used [0x0000000084e00000,0x0000000084e00000,0x000000008a100000)
 Metaspace       used 12494K, capacity 12724K, committed 13056K, reserved 1060864K
  class space    used 1404K, capacity 1487K, committed 1536K, reserved 1048576K

Card table byte_map: [0x00007f2ab8812000,0x00007f2ab8bec000] byte_map_base: 0x00007f2ab83eb000

Marking Bits: (ParMarkBitMap*) 0x00007f2abba2a220
 Begin Bits: [0x00007f2a9c270000, 0x00007f2a9e138000)
 End Bits:   [0x00007f2a9e138000, 0x00007f2aa0000000)

Polling page: 0x00007f2abc679000

CodeCache: size=245760Kb used=4014Kb max_used=4030Kb free=241745Kb
 bounds [0x00007f2aa5000000, 0x00007f2aa5400000, 0x00007f2ab4000000]
 total_blobs=1660 nmethods=1123 adapters=458
 compilation: enabled

Compilation events (10 events):
Event: 5425.896 Thread 0x00007f2ab40cd800 1119   !   4       java.util.Vector$Itr::next (63 bytes)
Event: 5425.899 Thread 0x00007f2ab40cd800 nmethod 1119 0x00007f2aa53eaad0 code [0x00007f2aa53eac40, 0x00007f2aa53eb078]
Event: 5556.564 Thread 0x00007f2ab40ca800 1120       4       java.lang.Thread::isInterrupted (6 bytes)
Event: 5556.565 Thread 0x00007f2ab40ca800 nmethod 1120 0x00007f2aa53e9590 code [0x00007f2aa53e96e0, 0x00007f2aa53e9788]
Event: 5655.578 Thread 0x00007f2ab40ca800 1121   !   4       sun.awt.X11.XAwtState::getGrabWindow (67 bytes)
Event: 5655.596 Thread 0x00007f2ab40ca800 nmethod 1121 0x00007f2aa53e9c10 code [0x00007f2aa53e9de0, 0x00007f2aa53ea360]
Event: 6234.942 Thread 0x00007f2ab40cd800 1122       4       sun.awt.X11.XDropTargetEventProcessor::processEvent (18 bytes)
Event: 6234.943 Thread 0x00007f2ab40ca800 1123   !   4       sun.awt.X11.XDragSourceContextPeer::doProcessEvent (690 bytes)
Event: 6234.973 Thread 0x00007f2ab40ca800 nmethod 1123 0x00007f2aa53ed010 code [0x00007f2aa53ed160, 0x00007f2aa53ed218]
Event: 6235.017 Thread 0x00007f2ab40cd800 nmethod 1122 0x00007f2aa53f13d0 code [0x00007f2aa53f16e0, 0x00007f2aa53f2800]

GC Heap History (0 events):
No events

Deoptimization events (8 events):
Event: 0.550 Thread 0x00007f2ab400c000 Uncommon trap: reason=null_check action=make_not_entrant pc=0x00007f2aa515da60 method=java.lang.String.equals(Ljava/lang/Object;)Z @ 8
Event: 0.713 Thread 0x00007f2ab400c000 Uncommon trap: reason=class_check action=maybe_recompile pc=0x00007f2aa51a91d4 method=java.lang.String.equals(Ljava/lang/Object;)Z @ 8
Event: 0.713 Thread 0x00007f2ab400c000 Uncommon trap: reason=class_check action=maybe_recompile pc=0x00007f2aa51a91d4 method=java.lang.String.equals(Ljava/lang/Object;)Z @ 8
Event: 0.713 Thread 0x00007f2ab400c000 Uncommon trap: reason=class_check action=maybe_recompile pc=0x00007f2aa51a91d4 method=java.lang.String.equals(Ljava/lang/Object;)Z @ 8
Event: 0.713 Thread 0x00007f2ab400c000 Uncommon trap: reason=class_check action=maybe_recompile pc=0x00007f2aa51a91d4 method=java.lang.String.equals(Ljava/lang/Object;)Z @ 8
Event: 5.198 Thread 0x00007f2ab425a800 Uncommon trap: reason=unstable_if action=reinterpret pc=0x00007f2aa52650c8 method=java.awt.Component.inside(II)Z @ 13
Event: 45.465 Thread 0x00007f2ab420b000 Uncommon trap: reason=unstable_if action=reinterpret pc=0x00007f2aa53db06c method=sun.awt.X11.XWindow.getModifiers(III)I @ 116
Event: 6416.778 Thread 0x00007f2ab420b000 Uncommon trap: reason=unstable_if action=reinterpret pc=0x00007f2aa53f2310 method=sun.awt.X11.XDropTargetEventProcessor.doProcessEvent(Lsun/awt/X11/XEvent;)Z @ 6

Internal exceptions (10 events):
Event: 0.300 Thread 0x00007f2ab400c000 Exception <a 'java/lang/NoSuchFieldError': method resolution failed> (0x00000000d71f1a50) thrown at [/HUDSON3/workspace/8-2-build-linux-amd64/jdk8u111/7883/hotspot/src/share/vm/prims/methodHandles.cpp, line 1146]
Event: 0.315 Thread 0x00007f2ab400c000 Exception <a 'java/lang/NoSuchFieldError': method resolution failed> (0x00000000d71ff258) thrown at [/HUDSON3/workspace/8-2-build-linux-amd64/jdk8u111/7883/hotspot/src/share/vm/prims/methodHandles.cpp, line 1146]
Event: 0.378 Thread 0x00007f2ab400c000 Exception <a 'java/security/PrivilegedActionException'> (0x00000000d7291298) thrown at [/HUDSON3/workspace/8-2-build-linux-amd64/jdk8u111/7883/hotspot/src/share/vm/prims/jvm.cpp, line 1386]
Event: 0.378 Thread 0x00007f2ab400c000 Exception <a 'java/security/PrivilegedActionException'> (0x00000000d7291690) thrown at [/HUDSON3/workspace/8-2-build-linux-amd64/jdk8u111/7883/hotspot/src/share/vm/prims/jvm.cpp, line 1386]
Event: 0.379 Thread 0x00007f2ab400c000 Exception <a 'java/security/PrivilegedActionException'> (0x00000000d7293d78) thrown at [/HUDSON3/workspace/8-2-build-linux-amd64/jdk8u111/7883/hotspot/src/share/vm/prims/jvm.cpp, line 1386]
Event: 0.379 Thread 0x00007f2ab400c000 Exception <a 'java/security/PrivilegedActionException'> (0x00000000d7294170) thrown at [/HUDSON3/workspace/8-2-build-linux-amd64/jdk8u111/7883/hotspot/src/share/vm/prims/jvm.cpp, line 1386]
Event: 0.383 Thread 0x00007f2ab400c000 Exception <a 'java/io/FileNotFoundException'> (0x00000000d7296370) thrown at [/HUDSON3/workspace/8-2-build-linux-amd64/jdk8u111/7883/hotspot/src/share/vm/prims/jni.cpp, line 709]
Event: 0.383 Thread 0x00007f2ab400c000 Exception <a 'java/io/FileNotFoundException'> (0x00000000d7296d30) thrown at [/HUDSON3/workspace/8-2-build-linux-amd64/jdk8u111/7883/hotspot/src/share/vm/prims/jni.cpp, line 709]
Event: 0.550 Thread 0x00007f2ab400c000 Implicit null exception at 0x00007f2aa515d7c5 to 0x00007f2aa515da51
Event: 0.805 Thread 0x00007f2ab425a800 Exception <a 'java/lang/UnsupportedOperationException': > (0x00000000d7481030) thrown at [/HUDSON3/workspace/8-2-build-linux-amd64/jdk8u111/7883/hotspot/src/share/vm/prims/jni.cpp, line 735]

Events (10 events):
Event: 4359.657 Executing VM operation: ChangeBreakpoints done
Event: 4359.658 Thread 0x00007f2ab40c4800 Thread exited: 0x00007f2ab40c4800
Event: 6416.738 loading class sun/misc/Signal$1
Event: 6416.739 loading class sun/misc/Signal$1 done
Event: 6416.778 Thread 0x00007f2ab420b000 Uncommon trap: trap_request=0xffffff65 fr.pc=0x00007f2aa53f2310
Event: 6416.778 Thread 0x00007f2ab420b000 DEOPT PACKING pc=0x00007f2aa53f2310 sp=0x00007f2a8c680630
Event: 6416.778 Thread 0x00007f2ab420b000 DEOPT UNPACKING pc=0x00007f2aa5005229 sp=0x00007f2a8c6805a8 mode 2
Event: 6416.778 loading class sun/awt/X11/XDestroyWindowEvent
Event: 6418.932 loading class sun/awt/X11/XDestroyWindowEvent done
Event: 6419.432 Thread 0x00007f2a78001000 Thread added: 0x00007f2a78001000


Dynamic libraries:
00400000-00401000 r-xp 00000000 08:08 1457092                            /usr/local/java/jdk1.8.0_111/bin/java
00600000-00601000 rw-p 00000000 08:08 1457092                            /usr/local/java/jdk1.8.0_111/bin/java
00e78000-00e99000 rw-p 00000000 00:00 0                                  [heap]
84e00000-8a100000 rw-p 00000000 00:00 0 
8a100000-d6f80000 ---p 00000000 00:00 0 
d6f80000-d9880000 rw-p 00000000 00:00 0 
d9880000-100000000 ---p 00000000 00:00 0 
100000000-100180000 rw-p 00000000 00:00 0 
100180000-140000000 ---p 00000000 00:00 0 
7f2a3c000000-7f2a3c021000 rw-p 00000000 00:00 0 
7f2a3c021000-7f2a40000000 ---p 00000000 00:00 0 
7f2a40000000-7f2a40021000 rw-p 00000000 00:00 0 
7f2a40021000-7f2a44000000 ---p 00000000 00:00 0 
7f2a44000000-7f2a4428d000 rw-p 00000000 00:00 0 
7f2a4428d000-7f2a48000000 ---p 00000000 00:00 0 
7f2a48000000-7f2a482ea000 rw-p 00000000 00:00 0 
7f2a482ea000-7f2a4c000000 ---p 00000000 00:00 0 
7f2a4f055000-7f2a4f058000 ---p 00000000 00:00 0 
7f2a4f058000-7f2a4f156000 rw-p 00000000 00:00 0                          [stack:26780]
7f2a4f156000-7f2a4f159000 ---p 00000000 00:00 0 
7f2a4f159000-7f2a4f397000 rw-p 00000000 00:00 0                          [stack:26776]
7f2a4f397000-7f2a4f457000 ---p 00000000 00:00 0 
7f2a4f457000-7f2a4f4c0000 r-xp 00000000 08:08 6034781                    /usr/local/java/jdk1.8.0_111/jre/lib/amd64/libt2k.so
7f2a4f4c0000-7f2a4f6c0000 ---p 00069000 08:08 6034781                    /usr/local/java/jdk1.8.0_111/jre/lib/amd64/libt2k.so
7f2a4f6c0000-7f2a4f6c7000 rw-p 00069000 08:08 6034781                    /usr/local/java/jdk1.8.0_111/jre/lib/amd64/libt2k.so
7f2a4f6c7000-7f2a4f6d7000 rw-p 00000000 00:00 0 
7f2a4f6d7000-7f2a4f6e8000 r-xp 00000000 08:08 6034650                    /usr/local/java/jdk1.8.0_111/jre/lib/amd64/libnio.so
7f2a4f6e8000-7f2a4f8e7000 ---p 00011000 08:08 6034650                    /usr/local/java/jdk1.8.0_111/jre/lib/amd64/libnio.so
7f2a4f8e7000-7f2a4f8e8000 rw-p 00010000 08:08 6034650                    /usr/local/java/jdk1.8.0_111/jre/lib/amd64/libnio.so
7f2a4f8e8000-7f2a4fbe9000 rw-p 00000000 00:00 0 
7f2a4fbe9000-7f2a4fbff000 r-xp 00000000 08:08 6034623                    /usr/local/java/jdk1.8.0_111/jre/lib/amd64/libnet.so
7f2a4fbff000-7f2a4fdff000 ---p 00016000 08:08 6034623                    /usr/local/java/jdk1.8.0_111/jre/lib/amd64/libnet.so
7f2a4fdff000-7f2a4fe00000 rw-p 00016000 08:08 6034623                    /usr/local/java/jdk1.8.0_111/jre/lib/amd64/libnet.so
7f2a4fe00000-7f2a50000000 rw-p 00000000 00:00 0 
7f2a50000000-7f2a502bb000 rw-p 00000000 00:00 0 
7f2a502bb000-7f2a54000000 ---p 00000000 00:00 0 
7f2a54000000-7f2a54021000 rw-p 00000000 00:00 0 
7f2a54021000-7f2a58000000 ---p 00000000 00:00 0 
7f2a58000000-7f2a58021000 rw-p 00000000 00:00 0 
7f2a58021000-7f2a5c000000 ---p 00000000 00:00 0 
7f2a5c000000-7f2a5c021000 rw-p 00000000 00:00 0 
7f2a5c021000-7f2a60000000 ---p 00000000 00:00 0 
7f2a60000000-7f2a60021000 rw-p 00000000 00:00 0 
7f2a60021000-7f2a64000000 ---p 00000000 00:00 0 
7f2a64000000-7f2a64788000 rw-p 00000000 00:00 0 
7f2a64788000-7f2a68000000 ---p 00000000 00:00 0 
7f2a68000000-7f2a681e1000 rw-p 00000000 00:00 0 
7f2a681e1000-7f2a6c000000 ---p 00000000 00:00 0 
7f2a6c000000-7f2a6c2e8000 rw-p 00000000 00:00 0 
7f2a6c2e8000-7f2a70000000 ---p 00000000 00:00 0 
7f2a70000000-7f2a70021000 rw-p 00000000 00:00 0 
7f2a70021000-7f2a74000000 ---p 00000000 00:00 0 
7f2a74000000-7f2a74021000 rw-p 00000000 00:00 0 
7f2a74021000-7f2a78000000 ---p 00000000 00:00 0 
7f2a78000000-7f2a78021000 rw-p 00000000 00:00 0 
7f2a78021000-7f2a7c000000 ---p 00000000 00:00 0 
7f2a7c000000-7f2a7c086000 rw-p 00000000 00:00 0 
7f2a7c086000-7f2a80000000 ---p 00000000 00:00 0 
7f2a80000000-7f2a80021000 rw-p 00000000 00:00 0 
7f2a80021000-7f2a84000000 ---p 00000000 00:00 0 
7f2a84000000-7f2a84021000 rw-p 00000000 00:00 0 
7f2a84021000-7f2a88000000 ---p 00000000 00:00 0 
7f2a88000000-7f2a88021000 rw-p 00000000 00:00 0 
7f2a88021000-7f2a8c000000 ---p 00000000 00:00 0 
7f2a8c073000-7f2a8c076000 ---p 00000000 00:00 0 
7f2a8c076000-7f2a8c174000 rw-p 00000000 00:00 0                          [stack:17021]
7f2a8c174000-7f2a8c17e000 r-xp 00000000 08:08 925404                     /usr/lib/x86_64-linux-gnu/libXrandr.so.2.2.0
7f2a8c17e000-7f2a8c37d000 ---p 0000a000 08:08 925404                     /usr/lib/x86_64-linux-gnu/libXrandr.so.2.2.0
7f2a8c37d000-7f2a8c37e000 r--p 00009000 08:08 925404                     /usr/lib/x86_64-linux-gnu/libXrandr.so.2.2.0
7f2a8c37e000-7f2a8c37f000 rw-p 0000a000 08:08 925404                     /usr/lib/x86_64-linux-gnu/libXrandr.so.2.2.0
7f2a8c37f000-7f2a8c382000 ---p 00000000 00:00 0 
7f2a8c382000-7f2a8c480000 rw-p 00000000 00:00 0                          [stack:17018]
7f2a8c480000-7f2a8c483000 ---p 00000000 00:00 0 
7f2a8c483000-7f2a8c581000 rw-p 00000000 00:00 0                          [stack:17017]
7f2a8c581000-7f2a8c584000 ---p 00000000 00:00 0 
7f2a8c584000-7f2a8c682000 rw-p 00000000 00:00 0                          [stack:17016]
7f2a8c682000-7f2a8c687000 r-xp 00000000 08:08 925388                     /usr/lib/x86_64-linux-gnu/libXfixes.so.3.1.0
7f2a8c687000-7f2a8c886000 ---p 00005000 08:08 925388                     /usr/lib/x86_64-linux-gnu/libXfixes.so.3.1.0
7f2a8c886000-7f2a8c887000 r--p 00004000 08:08 925388                     /usr/lib/x86_64-linux-gnu/libXfixes.so.3.1.0
7f2a8c887000-7f2a8c888000 rw-p 00005000 08:08 925388                     /usr/lib/x86_64-linux-gnu/libXfixes.so.3.1.0
7f2a8c888000-7f2a8c891000 r-xp 00000000 08:08 925380                     /usr/lib/x86_64-linux-gnu/libXcursor.so.1.0.2
7f2a8c891000-7f2a8ca90000 ---p 00009000 08:08 925380                     /usr/lib/x86_64-linux-gnu/libXcursor.so.1.0.2
7f2a8ca90000-7f2a8ca91000 r--p 00008000 08:08 925380                     /usr/lib/x86_64-linux-gnu/libXcursor.so.1.0.2
7f2a8ca91000-7f2a8ca92000 rw-p 00009000 08:08 925380                     /usr/lib/x86_64-linux-gnu/libXcursor.so.1.0.2
7f2a8ca92000-7f2a8ca95000 ---p 00000000 00:00 0 
7f2a8ca95000-7f2a8cb93000 rw-p 00000000 00:00 0                          [stack:17015]
7f2a8cb93000-7f2a8cba9000 r-xp 00000000 08:08 7868822                    /lib/x86_64-linux-gnu/libgcc_s.so.1
7f2a8cba9000-7f2a8cda8000 ---p 00016000 08:08 7868822                    /lib/x86_64-linux-gnu/libgcc_s.so.1
7f2a8cda8000-7f2a8cda9000 rw-p 00015000 08:08 7868822                    /lib/x86_64-linux-gnu/libgcc_s.so.1
7f2a8cda9000-7f2a8ce0e000 r-xp 00000000 08:08 6034644                    /usr/local/java/jdk1.8.0_111/jre/lib/amd64/libfontmanager.so
7f2a8ce0e000-7f2a8d00d000 ---p 00065000 08:08 6034644                    /usr/local/java/jdk1.8.0_111/jre/lib/amd64/libfontmanager.so
7f2a8d00d000-7f2a8d012000 rw-p 00064000 08:08 6034644                    /usr/local/java/jdk1.8.0_111/jre/lib/amd64/libfontmanager.so
7f2a8d012000-7f2a8d022000 rw-p 00000000 00:00 0 
7f2a8d022000-7f2a8d027000 r-xp 00000000 08:08 925384                     /usr/lib/x86_64-linux-gnu/libXdmcp.so.6.0.0
7f2a8d027000-7f2a8d226000 ---p 00005000 08:08 925384                     /usr/lib/x86_64-linux-gnu/libXdmcp.so.6.0.0
7f2a8d226000-7f2a8d227000 r--p 00004000 08:08 925384                     /usr/lib/x86_64-linux-gnu/libXdmcp.so.6.0.0
7f2a8d227000-7f2a8d228000 rw-p 00005000 08:08 925384                     /usr/lib/x86_64-linux-gnu/libXdmcp.so.6.0.0
7f2a8d228000-7f2a8d22a000 r-xp 00000000 08:08 925373                     /usr/lib/x86_64-linux-gnu/libXau.so.6.0.0
7f2a8d22a000-7f2a8d42a000 ---p 00002000 08:08 925373                     /usr/lib/x86_64-linux-gnu/libXau.so.6.0.0
7f2a8d42a000-7f2a8d42b000 r--p 00002000 08:08 925373                     /usr/lib/x86_64-linux-gnu/libXau.so.6.0.0
7f2a8d42b000-7f2a8d42c000 rw-p 00003000 08:08 925373                     /usr/lib/x86_64-linux-gnu/libXau.so.6.0.0
7f2a8d42c000-7f2a8d44d000 r-xp 00000000 08:08 926751                     /usr/lib/x86_64-linux-gnu/libxcb.so.1.1.0
7f2a8d44d000-7f2a8d64c000 ---p 00021000 08:08 926751                     /usr/lib/x86_64-linux-gnu/libxcb.so.1.1.0
7f2a8d64c000-7f2a8d64d000 r--p 00020000 08:08 926751                     /usr/lib/x86_64-linux-gnu/libxcb.so.1.1.0
7f2a8d64d000-7f2a8d64e000 rw-p 00021000 08:08 926751                     /usr/lib/x86_64-linux-gnu/libxcb.so.1.1.0
7f2a8d64e000-7f2a8d65d000 r-xp 00000000 08:08 925394                     /usr/lib/x86_64-linux-gnu/libXi.so.6.1.0
7f2a8d65d000-7f2a8d85c000 ---p 0000f000 08:08 925394                     /usr/lib/x86_64-linux-gnu/libXi.so.6.1.0
7f2a8d85c000-7f2a8d85d000 r--p 0000e000 08:08 925394                     /usr/lib/x86_64-linux-gnu/libXi.so.6.1.0
7f2a8d85d000-7f2a8d85e000 rw-p 0000f000 08:08 925394                     /usr/lib/x86_64-linux-gnu/libXi.so.6.1.0
7f2a8d85e000-7f2a8d863000 r-xp 00000000 08:08 925412                     /usr/lib/x86_64-linux-gnu/libXtst.so.6.1.0
7f2a8d863000-7f2a8da62000 ---p 00005000 08:08 925412                     /usr/lib/x86_64-linux-gnu/libXtst.so.6.1.0
7f2a8da62000-7f2a8da63000 r--p 00004000 08:08 925412                     /usr/lib/x86_64-linux-gnu/libXtst.so.6.1.0
7f2a8da63000-7f2a8da64000 rw-p 00005000 08:08 925412                     /usr/lib/x86_64-linux-gnu/libXtst.so.6.1.0
7f2a8da64000-7f2a8da6d000 r-xp 00000000 08:08 925406                     /usr/lib/x86_64-linux-gnu/libXrender.so.1.3.0
7f2a8da6d000-7f2a8dc6c000 ---p 00009000 08:08 925406                     /usr/lib/x86_64-linux-gnu/libXrender.so.1.3.0
7f2a8dc6c000-7f2a8dc6d000 r--p 00008000 08:08 925406                     /usr/lib/x86_64-linux-gnu/libXrender.so.1.3.0
7f2a8dc6d000-7f2a8dc6e000 rw-p 00009000 08:08 925406                     /usr/lib/x86_64-linux-gnu/libXrender.so.1.3.0
7f2a8dc6e000-7f2a8dda3000 r-xp 00000000 08:08 925369                     /usr/lib/x86_64-linux-gnu/libX11.so.6.3.0
7f2a8dda3000-7f2a8dfa3000 ---p 00135000 08:08 925369                     /usr/lib/x86_64-linux-gnu/libX11.so.6.3.0
7f2a8dfa3000-7f2a8dfa4000 r--p 00135000 08:08 925369                     /usr/lib/x86_64-linux-gnu/libX11.so.6.3.0
7f2a8dfa4000-7f2a8dfa8000 rw-p 00136000 08:08 925369                     /usr/lib/x86_64-linux-gnu/libX11.so.6.3.0
7f2a8dfa8000-7f2a8dfb9000 r-xp 00000000 08:08 925386                     /usr/lib/x86_64-linux-gnu/libXext.so.6.4.0
7f2a8dfb9000-7f2a8e1b8000 ---p 00011000 08:08 925386                     /usr/lib/x86_64-linux-gnu/libXext.so.6.4.0
7f2a8e1b8000-7f2a8e1b9000 r--p 00010000 08:08 925386                     /usr/lib/x86_64-linux-gnu/libXext.so.6.4.0
7f2a8e1b9000-7f2a8e1ba000 rw-p 00011000 08:08 925386                     /usr/lib/x86_64-linux-gnu/libXext.so.6.4.0
7f2a8e1ba000-7f2a8e20e000 r-xp 00000000 08:08 6034757                    /usr/local/java/jdk1.8.0_111/jre/lib/amd64/libawt_xawt.so
7f2a8e20e000-7f2a8e40e000 ---p 00054000 08:08 6034757                    /usr/local/java/jdk1.8.0_111/jre/lib/amd64/libawt_xawt.so
7f2a8e40e000-7f2a8e412000 rw-p 00054000 08:08 6034757                    /usr/local/java/jdk1.8.0_111/jre/lib/amd64/libawt_xawt.so
7f2a8e412000-7f2a8e413000 rw-p 00000000 00:00 0 
7f2a8e413000-7f2a8e4b5000 r-xp 00000000 08:08 6034784                    /usr/local/java/jdk1.8.0_111/jre/lib/amd64/libawt.so
7f2a8e4b5000-7f2a8e6b5000 ---p 000a2000 08:08 6034784                    /usr/local/java/jdk1.8.0_111/jre/lib/amd64/libawt.so
7f2a8e6b5000-7f2a8e6c1000 rw-p 000a2000 08:08 6034784                    /usr/local/java/jdk1.8.0_111/jre/lib/amd64/libawt.so
7f2a8e6c1000-7f2a8e6e5000 rw-p 00000000 00:00 0 
7f2a8e6e5000-7f2a8e6e6000 ---p 00000000 00:00 0 
7f2a8e6e6000-7f2a8e7e6000 rw-p 00000000 00:00 0                          [stack:17014]
7f2a8e7e6000-7f2a8e7e9000 ---p 00000000 00:00 0 
7f2a8e7e9000-7f2a8e8e7000 rw-p 00000000 00:00 0                          [stack:17013]
7f2a8e8e7000-7f2a8e8ea000 ---p 00000000 00:00 0 
7f2a8e8ea000-7f2a8e9e8000 rw-p 00000000 00:00 0                          [stack:17012]
7f2a8e9e8000-7f2a8e9eb000 ---p 00000000 00:00 0 
7f2a8e9eb000-7f2a8eae9000 rw-p 00000000 00:00 0                          [stack:17011]
7f2a8eae9000-7f2a8eaec000 ---p 00000000 00:00 0 
7f2a8eaec000-7f2a8ebea000 rw-p 00000000 00:00 0                          [stack:17010]
7f2a8ebea000-7f2a8ebed000 ---p 00000000 00:00 0 
7f2a8ebed000-7f2a8eceb000 rw-p 00000000 00:00 0                          [stack:26771]
7f2a8eceb000-7f2a8ecee000 ---p 00000000 00:00 0 
7f2a8ecee000-7f2a8edec000 rw-p 00000000 00:00 0                          [stack:17006]
7f2a8edec000-7f2a8edef000 ---p 00000000 00:00 0 
7f2a8edef000-7f2a8eeed000 rw-p 00000000 00:00 0                          [stack:26768]
7f2a8eeed000-7f2a8eef1000 r-xp 00000000 08:08 6034769                    /usr/local/java/jdk1.8.0_111/jre/lib/amd64/libdt_socket.so
7f2a8eef1000-7f2a8f0f0000 ---p 00004000 08:08 6034769                    /usr/local/java/jdk1.8.0_111/jre/lib/amd64/libdt_socket.so
7f2a8f0f0000-7f2a8f0f1000 rw-p 00003000 08:08 6034769                    /usr/local/java/jdk1.8.0_111/jre/lib/amd64/libdt_socket.so
7f2a8f0f1000-7f2a8f0f4000 ---p 00000000 00:00 0 
7f2a8f0f4000-7f2a8f1f2000 rw-p 00000000 00:00 0                          [stack:17002]
7f2a8f1f2000-7f2a8f1f5000 ---p 00000000 00:00 0 
7f2a8f1f5000-7f2a8f2f3000 rw-p 00000000 00:00 0                          [stack:17001]
7f2a8f2f3000-7f2a8f2f6000 ---p 00000000 00:00 0 
7f2a8f2f6000-7f2a8f3f4000 rw-p 00000000 00:00 0                          [stack:17000]
7f2a8f3f4000-7f2a8f3f5000 ---p 00000000 00:00 0 
7f2a8f3f5000-7f2a90000000 rw-p 00000000 00:00 0                          [stack:16999]
7f2a90000000-7f2a90021000 rw-p 00000000 00:00 0 
7f2a90021000-7f2a94000000 ---p 00000000 00:00 0 
7f2a94000000-7f2a94021000 rw-p 00000000 00:00 0 
7f2a94021000-7f2a98000000 ---p 00000000 00:00 0 
7f2a98000000-7f2a98021000 rw-p 00000000 00:00 0 
7f2a98021000-7f2a9c000000 ---p 00000000 00:00 0 
7f2a9c06e000-7f2aa0000000 rw-p 00000000 00:00 0 
7f2aa0000000-7f2aa0021000 rw-p 00000000 00:00 0 
7f2aa0021000-7f2aa4000000 ---p 00000000 00:00 0 
7f2aa404d000-7f2aa424f000 rw-p 00000000 00:00 0 
7f2aa424f000-7f2aa4427000 r--s 03d2a000 08:08 1709385                    /usr/local/java/jdk1.8.0_111/jre/lib/rt.jar
7f2aa4427000-7f2aa5000000 rw-p 00000000 00:00 0 
7f2aa5000000-7f2aa5400000 rwxp 00000000 00:00 0 
7f2aa5400000-7f2ab4000000 ---p 00000000 00:00 0 
7f2ab4000000-7f2ab4284000 rw-p 00000000 00:00 0 
7f2ab4284000-7f2ab8000000 ---p 00000000 00:00 0 
7f2ab8034000-7f2ab817d000 rw-p 00000000 00:00 0 
7f2ab817d000-7f2ab817e000 ---p 00000000 00:00 0 
7f2ab817e000-7f2ab827e000 rw-p 00000000 00:00 0                          [stack:16998]
7f2ab827e000-7f2ab827f000 ---p 00000000 00:00 0 
7f2ab827f000-7f2ab837f000 rw-p 00000000 00:00 0                          [stack:16997]
7f2ab837f000-7f2ab8380000 ---p 00000000 00:00 0 
7f2ab8380000-7f2ab8480000 rw-p 00000000 00:00 0                          [stack:16996]
7f2ab8480000-7f2ab8481000 ---p 00000000 00:00 0 
7f2ab8481000-7f2ab85ab000 rw-p 00000000 00:00 0                          [stack:16995]
7f2ab85ab000-7f2ab8812000 ---p 00000000 00:00 0 
7f2ab8812000-7f2ab883c000 rw-p 00000000 00:00 0 
7f2ab883c000-7f2ab8aa2000 ---p 00000000 00:00 0 
7f2ab8aa2000-7f2ab8ab8000 rw-p 00000000 00:00 0 
7f2ab8ab8000-7f2ab8beb000 ---p 00000000 00:00 0 
7f2ab8beb000-7f2ab8bfc000 rw-p 00000000 00:00 0 
7f2ab8bfc000-7f2ab8fac000 ---p 00000000 00:00 0 
7f2ab8fac000-7f2ab8fc6000 r-xp 00000000 08:08 6034648                    /usr/local/java/jdk1.8.0_111/jre/lib/amd64/libzip.so
7f2ab8fc6000-7f2ab91c6000 ---p 0001a000 08:08 6034648                    /usr/local/java/jdk1.8.0_111/jre/lib/amd64/libzip.so
7f2ab91c6000-7f2ab91c7000 rw-p 0001a000 08:08 6034648                    /usr/local/java/jdk1.8.0_111/jre/lib/amd64/libzip.so
7f2ab91c7000-7f2ab91d2000 r-xp 00000000 08:08 7872501                    /lib/x86_64-linux-gnu/libnss_files-2.23.so
7f2ab91d2000-7f2ab93d1000 ---p 0000b000 08:08 7872501                    /lib/x86_64-linux-gnu/libnss_files-2.23.so
7f2ab93d1000-7f2ab93d2000 r--p 0000a000 08:08 7872501                    /lib/x86_64-linux-gnu/libnss_files-2.23.so
7f2ab93d2000-7f2ab93d3000 rw-p 0000b000 08:08 7872501                    /lib/x86_64-linux-gnu/libnss_files-2.23.so
7f2ab93d3000-7f2ab93d9000 rw-p 00000000 00:00 0 
7f2ab93d9000-7f2ab93e4000 r-xp 00000000 08:08 7872486                    /lib/x86_64-linux-gnu/libnss_nis-2.23.so
7f2ab93e4000-7f2ab95e3000 ---p 0000b000 08:08 7872486                    /lib/x86_64-linux-gnu/libnss_nis-2.23.so
7f2ab95e3000-7f2ab95e4000 r--p 0000a000 08:08 7872486                    /lib/x86_64-linux-gnu/libnss_nis-2.23.so
7f2ab95e4000-7f2ab95e5000 rw-p 0000b000 08:08 7872486                    /lib/x86_64-linux-gnu/libnss_nis-2.23.so
7f2ab95e5000-7f2ab95fb000 r-xp 00000000 08:08 7872497                    /lib/x86_64-linux-gnu/libnsl-2.23.so
7f2ab95fb000-7f2ab97fa000 ---p 00016000 08:08 7872497                    /lib/x86_64-linux-gnu/libnsl-2.23.so
7f2ab97fa000-7f2ab97fb000 r--p 00015000 08:08 7872497                    /lib/x86_64-linux-gnu/libnsl-2.23.so
7f2ab97fb000-7f2ab97fc000 rw-p 00016000 08:08 7872497                    /lib/x86_64-linux-gnu/libnsl-2.23.so
7f2ab97fc000-7f2ab97fe000 rw-p 00000000 00:00 0 
7f2ab97fe000-7f2ab9806000 r-xp 00000000 08:08 7872498                    /lib/x86_64-linux-gnu/libnss_compat-2.23.so
7f2ab9806000-7f2ab9a05000 ---p 00008000 08:08 7872498                    /lib/x86_64-linux-gnu/libnss_compat-2.23.so
7f2ab9a05000-7f2ab9a06000 r--p 00007000 08:08 7872498                    /lib/x86_64-linux-gnu/libnss_compat-2.23.so
7f2ab9a06000-7f2ab9a07000 rw-p 00008000 08:08 7872498                    /lib/x86_64-linux-gnu/libnss_compat-2.23.so
7f2ab9a07000-7f2ab9cdf000 r--p 00000000 08:08 918503                     /usr/lib/locale/locale-archive
7f2ab9cdf000-7f2ab9ce1000 r-xp 00000000 08:08 6034761                    /usr/local/java/jdk1.8.0_111/jre/lib/amd64/libnpt.so
7f2ab9ce1000-7f2ab9ee1000 ---p 00002000 08:08 6034761                    /usr/local/java/jdk1.8.0_111/jre/lib/amd64/libnpt.so
7f2ab9ee1000-7f2ab9ee2000 rw-p 00002000 08:08 6034761                    /usr/local/java/jdk1.8.0_111/jre/lib/amd64/libnpt.so
7f2ab9ee2000-7f2ab9f1b000 r-xp 00000000 08:08 6034620                    /usr/local/java/jdk1.8.0_111/jre/lib/amd64/libjdwp.so
7f2ab9f1b000-7f2aba11a000 ---p 00039000 08:08 6034620                    /usr/local/java/jdk1.8.0_111/jre/lib/amd64/libjdwp.so
7f2aba11a000-7f2aba11c000 rw-p 00038000 08:08 6034620                    /usr/local/java/jdk1.8.0_111/jre/lib/amd64/libjdwp.so
7f2aba11c000-7f2aba147000 r-xp 00000000 08:08 6034778                    /usr/local/java/jdk1.8.0_111/jre/lib/amd64/libjava.so
7f2aba147000-7f2aba346000 ---p 0002b000 08:08 6034778                    /usr/local/java/jdk1.8.0_111/jre/lib/amd64/libjava.so
7f2aba346000-7f2aba348000 rw-p 0002a000 08:08 6034778                    /usr/local/java/jdk1.8.0_111/jre/lib/amd64/libjava.so
7f2aba348000-7f2aba355000 r-xp 00000000 08:08 6034624                    /usr/local/java/jdk1.8.0_111/jre/lib/amd64/libverify.so
7f2aba355000-7f2aba554000 ---p 0000d000 08:08 6034624                    /usr/local/java/jdk1.8.0_111/jre/lib/amd64/libverify.so
7f2aba554000-7f2aba556000 rw-p 0000c000 08:08 6034624                    /usr/local/java/jdk1.8.0_111/jre/lib/amd64/libverify.so
7f2aba556000-7f2aba55d000 r-xp 00000000 08:08 7872485                    /lib/x86_64-linux-gnu/librt-2.23.so
7f2aba55d000-7f2aba75c000 ---p 00007000 08:08 7872485                    /lib/x86_64-linux-gnu/librt-2.23.so
7f2aba75c000-7f2aba75d000 r--p 00006000 08:08 7872485                    /lib/x86_64-linux-gnu/librt-2.23.so
7f2aba75d000-7f2aba75e000 rw-p 00007000 08:08 7872485                    /lib/x86_64-linux-gnu/librt-2.23.so
7f2aba75e000-7f2aba866000 r-xp 00000000 08:08 7872495                    /lib/x86_64-linux-gnu/libm-2.23.so
7f2aba866000-7f2abaa65000 ---p 00108000 08:08 7872495                    /lib/x86_64-linux-gnu/libm-2.23.so
7f2abaa65000-7f2abaa66000 r--p 00107000 08:08 7872495                    /lib/x86_64-linux-gnu/libm-2.23.so
7f2abaa66000-7f2abaa67000 rw-p 00108000 08:08 7872495                    /lib/x86_64-linux-gnu/libm-2.23.so
7f2abaa67000-7f2abb734000 r-xp 00000000 08:08 6164964                    /usr/local/java/jdk1.8.0_111/jre/lib/amd64/server/libjvm.so
7f2abb734000-7f2abb933000 ---p 00ccd000 08:08 6164964                    /usr/local/java/jdk1.8.0_111/jre/lib/amd64/server/libjvm.so
7f2abb933000-7f2abba0c000 rw-p 00ccc000 08:08 6164964                    /usr/local/java/jdk1.8.0_111/jre/lib/amd64/server/libjvm.so
7f2abba0c000-7f2abba57000 rw-p 00000000 00:00 0 
7f2abba57000-7f2abbc16000 r-xp 00000000 08:08 7872490                    /lib/x86_64-linux-gnu/libc-2.23.so
7f2abbc16000-7f2abbe16000 ---p 001bf000 08:08 7872490                    /lib/x86_64-linux-gnu/libc-2.23.so
7f2abbe16000-7f2abbe1a000 r--p 001bf000 08:08 7872490                    /lib/x86_64-linux-gnu/libc-2.23.so
7f2abbe1a000-7f2abbe1c000 rw-p 001c3000 08:08 7872490                    /lib/x86_64-linux-gnu/libc-2.23.so
7f2abbe1c000-7f2abbe20000 rw-p 00000000 00:00 0 
7f2abbe20000-7f2abbe23000 r-xp 00000000 08:08 7872489                    /lib/x86_64-linux-gnu/libdl-2.23.so
7f2abbe23000-7f2abc022000 ---p 00003000 08:08 7872489                    /lib/x86_64-linux-gnu/libdl-2.23.so
7f2abc022000-7f2abc023000 r--p 00002000 08:08 7872489                    /lib/x86_64-linux-gnu/libdl-2.23.so
7f2abc023000-7f2abc024000 rw-p 00003000 08:08 7872489                    /lib/x86_64-linux-gnu/libdl-2.23.so
7f2abc024000-7f2abc039000 r-xp 00000000 08:08 3020171                    /usr/local/java/jdk1.8.0_111/lib/amd64/jli/libjli.so
7f2abc039000-7f2abc239000 ---p 00015000 08:08 3020171                    /usr/local/java/jdk1.8.0_111/lib/amd64/jli/libjli.so
7f2abc239000-7f2abc23a000 rw-p 00015000 08:08 3020171                    /usr/local/java/jdk1.8.0_111/lib/amd64/jli/libjli.so
7f2abc23a000-7f2abc252000 r-xp 00000000 08:08 7872496                    /lib/x86_64-linux-gnu/libpthread-2.23.so
7f2abc252000-7f2abc451000 ---p 00018000 08:08 7872496                    /lib/x86_64-linux-gnu/libpthread-2.23.so
7f2abc451000-7f2abc452000 r--p 00017000 08:08 7872496                    /lib/x86_64-linux-gnu/libpthread-2.23.so
7f2abc452000-7f2abc453000 rw-p 00018000 08:08 7872496                    /lib/x86_64-linux-gnu/libpthread-2.23.so
7f2abc453000-7f2abc457000 rw-p 00000000 00:00 0 
7f2abc457000-7f2abc47d000 r-xp 00000000 08:08 7864403                    /lib/x86_64-linux-gnu/ld-2.23.so
7f2abc486000-7f2abc551000 rw-p 00000000 00:00 0 
7f2abc551000-7f2abc554000 ---p 00000000 00:00 0 
7f2abc554000-7f2abc656000 rw-p 00000000 00:00 0                          [stack:16993]
7f2abc670000-7f2abc678000 rw-s 00000000 08:08 1323014                    /tmp/hsperfdata_kieran/16988
7f2abc678000-7f2abc679000 rw-p 00000000 00:00 0 
7f2abc679000-7f2abc67a000 ---p 00000000 00:00 0 
7f2abc67a000-7f2abc67c000 rw-p 00000000 00:00 0 
7f2abc67c000-7f2abc67d000 r--p 00025000 08:08 7864403                    /lib/x86_64-linux-gnu/ld-2.23.so
7f2abc67d000-7f2abc67e000 rw-p 00026000 08:08 7864403                    /lib/x86_64-linux-gnu/ld-2.23.so
7f2abc67e000-7f2abc67f000 rw-p 00000000 00:00 0 
7ffc703ba000-7ffc703db000 rw-p 00000000 00:00 0                          [stack]
7ffc703e7000-7ffc703e9000 r--p 00000000 00:00 0                          [vvar]
7ffc703e9000-7ffc703eb000 r-xp 00000000 00:00 0                          [vdso]
ffffffffff600000-ffffffffff601000 r-xp 00000000 00:00 0                  [vsyscall]

VM Arguments:
jvm_args: -agentlib:jdwp=transport=dt_socket,suspend=y,address=localhost:33911 -Dfile.encoding=UTF-8 
java_command: smartMirror.Main
java_class_path (initial): /home/kieran/Documents/Java/Eclipse/Smart_Mirror/bin
Launcher Type: SUN_STANDARD

Environment Variables:
JAVA_HOME=/usr/local/java/jdk1.8.0_111
JRE_HOME=/usr/local/java/jdk1.8.0_111/jre
PATH=/usr/local/sbin:/usr/local/bin:/usr/sbin:/usr/bin:/sbin:/bin:/usr/games:/usr/local/games:/snap/bin:/usr/local/java/jdk1.8.0_111/bin:/usr/local/java/jdk1.8.0_111/jre/bin
SHELL=/bin/bash
DISPLAY=:0

Signal Handlers:
SIGSEGV: [libjvm.so+0xac64b0], sa_mask[0]=11111111011111111101111111111110, sa_flags=SA_RESTART|SA_SIGINFO
SIGBUS: [libjvm.so+0xac64b0], sa_mask[0]=11111111011111111101111111111110, sa_flags=SA_RESTART|SA_SIGINFO
SIGFPE: [libjvm.so+0x91f950], sa_mask[0]=11111111011111111101111111111110, sa_flags=SA_RESTART|SA_SIGINFO
SIGPIPE: [libjvm.so+0x91f950], sa_mask[0]=11111111011111111101111111111110, sa_flags=SA_RESTART|SA_SIGINFO
SIGXFSZ: [libjvm.so+0x91f950], sa_mask[0]=11111111011111111101111111111110, sa_flags=SA_RESTART|SA_SIGINFO
SIGILL: [libjvm.so+0x91f950], sa_mask[0]=11111111011111111101111111111110, sa_flags=SA_RESTART|SA_SIGINFO
SIGUSR1: SIG_DFL, sa_mask[0]=00000000000000000000000000000000, sa_flags=none
SIGUSR2: [libjvm.so+0x920f80], sa_mask[0]=00100000000000000000000000000000, sa_flags=SA_RESTART|SA_SIGINFO
SIGHUP: [libjvm.so+0x922380], sa_mask[0]=11111111011111111101111111111110, sa_flags=SA_RESTART|SA_SIGINFO
SIGINT: [libjvm.so+0x922380], sa_mask[0]=11111111011111111101111111111110, sa_flags=SA_RESTART|SA_SIGINFO
SIGTERM: [libjvm.so+0x922380], sa_mask[0]=11111111011111111101111111111110, sa_flags=SA_RESTART|SA_SIGINFO
SIGQUIT: [libjvm.so+0x922380], sa_mask[0]=11111111011111111101111111111110, sa_flags=SA_RESTART|SA_SIGINFO


---------------  S Y S T E M  ---------------

OS:DISTRIB_ID=Ubuntu
DISTRIB_RELEASE=16.04
DISTRIB_CODENAME=xenial
DISTRIB_DESCRIPTION="Ubuntu 16.04.2 LTS"

uname:Linux 4.4.8-040408-generic #201604200335 SMP Wed Apr 20 07:37:30 UTC 2016 x86_64
libc:glibc 2.23 NPTL 2.23 
rlimit: STACK 8192k, CORE 0k, NPROC 30469, NOFILE 65536, AS infinity
load average:9.32 5.00 4.08

/proc/meminfo:
MemTotal:        8065092 kB
MemFree:         4268444 kB
MemAvailable:    4841932 kB
Buffers:           42092 kB
Cached:           988300 kB
SwapCached:        10144 kB
Active:          2856680 kB
Inactive:         691852 kB
Active(anon):    2530844 kB
Inactive(anon):   468624 kB
Active(file):     325836 kB
Inactive(file):   223228 kB
Unevictable:          56 kB
Mlocked:              56 kB
SwapTotal:       8278012 kB
SwapFree:        7441056 kB
Dirty:               664 kB
Writeback:             0 kB
AnonPages:       2511936 kB
Mapped:           164624 kB
Shmem:            480832 kB
Slab:             120028 kB
SReclaimable:      66700 kB
SUnreclaim:        53328 kB
KernelStack:       14768 kB
PageTables:        31608 kB
NFS_Unstable:          0 kB
Bounce:                0 kB
WritebackTmp:          0 kB
CommitLimit:    12310556 kB
Committed_AS:    9168168 kB
VmallocTotal:   34359738367 kB
VmallocUsed:           0 kB
VmallocChunk:          0 kB
HardwareCorrupted:     0 kB
AnonHugePages:   1249280 kB
CmaTotal:              0 kB
CmaFree:               0 kB
HugePages_Total:       0
HugePages_Free:        0
HugePages_Rsvd:        0
HugePages_Surp:        0
Hugepagesize:       2048 kB
DirectMap4k:      276780 kB
DirectMap2M:     8001536 kB
DirectMap1G:     1048576 kB


CPU:total 4 (2 cores per cpu, 2 threads per core) family 6 model 78 stepping 3, cmov, cx8, fxsr, mmx, sse, sse2, sse3, ssse3, sse4.1, sse4.2, popcnt, avx, avx2, aes, clmul, erms, 3dnowpref, lzcnt, ht, tsc, tscinvbit, bmi1, bmi2, adx

/proc/cpuinfo:
processor	: 0
vendor_id	: GenuineIntel
cpu family	: 6
model		: 78
model name	: Intel(R) Core(TM) i7-6500U CPU @ 2.50GHz
stepping	: 3
microcode	: 0x76
cpu MHz		: 496.031
cache size	: 4096 KB
physical id	: 0
siblings	: 4
core id		: 0
cpu cores	: 2
apicid		: 0
initial apicid	: 0
fpu		: yes
fpu_exception	: yes
cpuid level	: 22
wp		: yes
flags		: fpu vme de pse tsc msr pae mce cx8 apic sep mtrr pge mca cmov pat pse36 clflush dts acpi mmx fxsr sse sse2 ss ht tm pbe syscall nx pdpe1gb rdtscp lm constant_tsc arch_perfmon pebs bts rep_good nopl xtopology nonstop_tsc aperfmperf eagerfpu pni pclmulqdq dtes64 monitor ds_cpl vmx est tm2 ssse3 sdbg fma cx16 xtpr pdcm pcid sse4_1 sse4_2 x2apic movbe popcnt tsc_deadline_timer aes xsave avx f16c rdrand lahf_lm abm 3dnowprefetch ida arat epb pln pts dtherm hwp hwp_notify hwp_act_window hwp_epp intel_pt tpr_shadow vnmi flexpriority ept vpid fsgsbase tsc_adjust bmi1 avx2 smep bmi2 erms invpcid mpx rdseed adx smap clflushopt xsaveopt xsavec xgetbv1
bugs		:
bogomips	: 5183.90
clflush size	: 64
cache_alignment	: 64
address sizes	: 39 bits physical, 48 bits virtual
power management:

processor	: 1
vendor_id	: GenuineIntel
cpu family	: 6
model		: 78
model name	: Intel(R) Core(TM) i7-6500U CPU @ 2.50GHz
stepping	: 3
microcode	: 0x76
cpu MHz		: 498.367
cache size	: 4096 KB
physical id	: 0
siblings	: 4
core id		: 1
cpu cores	: 2
apicid		: 2
initial apicid	: 2
fpu		: yes
fpu_exception	: yes
cpuid level	: 22
wp		: yes
flags		: fpu vme de pse tsc msr pae mce cx8 apic sep mtrr pge mca cmov pat pse36 clflush dts acpi mmx fxsr sse sse2 ss ht tm pbe syscall nx pdpe1gb rdtscp lm constant_tsc arch_perfmon pebs bts rep_good nopl xtopology nonstop_tsc aperfmperf eagerfpu pni pclmulqdq dtes64 monitor ds_cpl vmx est tm2 ssse3 sdbg fma cx16 xtpr pdcm pcid sse4_1 sse4_2 x2apic movbe popcnt tsc_deadline_timer aes xsave avx f16c rdrand lahf_lm abm 3dnowprefetch ida arat epb pln pts dtherm hwp hwp_notify hwp_act_window hwp_epp intel_pt tpr_shadow vnmi flexpriority ept vpid fsgsbase tsc_adjust bmi1 avx2 smep bmi2 erms invpcid mpx rdseed adx smap clflushopt xsaveopt xsavec xgetbv1
bugs		:
bogomips	: 5183.90
clflush size	: 64
cache_alignment	: 64
address sizes	: 39 bits physical, 48 bits virtual
power management:

processor	: 2
vendor_id	: GenuineIntel
cpu family	: 6
model		: 78
model name	: Intel(R) Core(TM) i7-6500U CPU @ 2.50GHz
stepping	: 3
microcode	: 0x76
cpu MHz		: 499.992
cache size	: 4096 KB
physical id	: 0
siblings	: 4
core id		: 0
cpu cores	: 2
apicid		: 1
initial apicid	: 1
fpu		: yes
fpu_exception	: yes
cpuid level	: 22
wp		: yes
flags		: fpu vme de pse tsc msr pae mce cx8 apic sep mtrr pge mca cmov pat pse36 clflush dts acpi mmx fxsr sse sse2 ss ht tm pbe syscall nx pdpe1gb rdtscp lm constant_tsc arch_perfmon pebs bts rep_good nopl xtopology nonstop_tsc aperfmperf eagerfpu pni pclmulqdq dtes64 monitor ds_cpl vmx est tm2 ssse3 sdbg fma cx16 xtpr pdcm pcid sse4_1 sse4_2 x2apic movbe popcnt tsc_deadline_timer aes xsave avx f16c rdrand lahf_lm abm 3dnowprefetch ida arat epb pln pts dtherm hwp hwp_notify hwp_act_window hwp_epp intel_pt tpr_shadow vnmi flexpriority ept vpid fsgsbase tsc_adjust bmi1 avx2 smep bmi2 erms invpcid mpx rdseed adx smap clflushopt xsaveopt xsavec xgetbv1
bugs		:
bogomips	: 5183.90
clflush size	: 64
cache_alignment	: 64
address sizes	: 39 bits physical, 48 bits virtual
power management:

processor	: 3
vendor_id	: GenuineIntel
cpu family	: 6
model		: 78
model name	: Intel(R) Core(TM) i7-6500U CPU @ 2.50GHz
stepping	: 3
microcode	: 0x76
cpu MHz		: 497.453
cache size	: 4096 KB
physical id	: 0
siblings	: 4
core id		: 1
cpu cores	: 2
apicid		: 3
initial apicid	: 3
fpu		: yes
fpu_exception	: yes
cpuid level	: 22
wp		: yes
flags		: fpu vme de pse tsc msr pae mce cx8 apic sep mtrr pge mca cmov pat pse36 clflush dts acpi mmx fxsr sse sse2 ss ht tm pbe syscall nx pdpe1gb rdtscp lm constant_tsc arch_perfmon pebs bts rep_good nopl xtopology nonstop_tsc aperfmperf eagerfpu pni pclmulqdq dtes64 monitor ds_cpl vmx est tm2 ssse3 sdbg fma cx16 xtpr pdcm pcid sse4_1 sse4_2 x2apic movbe popcnt tsc_deadline_timer aes xsave avx f16c rdrand lahf_lm abm 3dnowprefetch ida arat epb pln pts dtherm hwp hwp_notify hwp_act_window hwp_epp intel_pt tpr_shadow vnmi flexpriority ept vpid fsgsbase tsc_adjust bmi1 avx2 smep bmi2 erms invpcid mpx rdseed adx smap clflushopt xsaveopt xsavec xgetbv1
bugs		:
bogomips	: 5183.90
clflush size	: 64
cache_alignment	: 64
address sizes	: 39 bits physical, 48 bits virtual
power management:



Memory: 4k page, physical 8065092k(4268444k free), swap 8278012k(7441056k free)

vm_info: Java HotSpot(TM) 64-Bit Server VM (25.111-b14) for linux-amd64 JRE (1.8.0_111-b14), built on Sep 22 2016 16:14:03 by "java_re" with gcc 4.3.0 20080428 (Red Hat 4.3.0-8)

time: Sat Mar  4 22:50:17 2017
elapsed time: 6422 seconds (0d 1h 47m 2s)

